2025-01-24 14:01:30 [scrapy.utils.log] INFO: Scrapy 2.12.0 started (bot: olx)
2025-01-24 14:01:30 [scrapy.utils.log] INFO: Versions: lxml 5.3.0.0, libxml2 2.12.9, cssselect 1.2.0, parsel 1.9.1, w3lib 2.2.1, Twisted 24.11.0, Python 3.12.0 (v3.12.0:0fb18b02c8, Oct  2 2023, 09:45:56) [Clang 13.0.0 (clang-1300.0.29.30)], pyOpenSSL 25.0.0 (OpenSSL 3.4.0 22 Oct 2024), cryptography 44.0.0, Platform macOS-15.2-x86_64-i386-64bit
2025-01-24 14:01:32 [scrapy.addons] INFO: Enabled addons:
[]
2025-01-24 14:01:32 [scrapy.extensions.telnet] INFO: Telnet Password: 9d4be3f2f66ccd8e
2025-01-24 14:01:32 [scrapy.middleware] INFO: Enabled extensions:
['scrapy.extensions.corestats.CoreStats',
 'scrapy.extensions.telnet.TelnetConsole',
 'scrapy.extensions.memusage.MemoryUsage',
 'scrapy.extensions.feedexport.FeedExporter',
 'scrapy.extensions.logstats.LogStats',
 'scrapy.extensions.throttle.AutoThrottle']
2025-01-24 14:01:32 [scrapy.crawler] INFO: Overridden settings:
{'AUTOTHROTTLE_ENABLED': True,
 'AUTOTHROTTLE_MAX_DELAY': 1,
 'AUTOTHROTTLE_START_DELAY': 0.1,
 'AUTOTHROTTLE_TARGET_CONCURRENCY': 64,
 'BOT_NAME': 'olx',
 'CONCURRENT_REQUESTS': 64,
 'CONCURRENT_REQUESTS_PER_DOMAIN': 32,
 'DOWNLOAD_DELAY': 0.1,
 'DOWNLOAD_TIMEOUT': 10,
 'FEED_EXPORT_ENCODING': 'utf-8',
 'LOG_FILE': 'proxy_info.log',
 'LOG_LEVEL': 'INFO',
 'NEWSPIDER_MODULE': 'olx.spiders',
 'ROBOTSTXT_OBEY': True,
 'SPIDER_MODULES': ['olx.spiders'],
 'TWISTED_REACTOR': 'twisted.internet.asyncioreactor.AsyncioSelectorReactor'}
2025-01-24 14:01:33 [scrapy_user_agents.user_agent_picker] WARNING: [UnsupportedBrowserType] Family: Android
2025-01-24 14:01:33 [scrapy_user_agents.user_agent_picker] WARNING: [UnsupportedDeviceType] Family: Other, Brand: None, Model: None
2025-01-24 14:01:33 [scrapy_user_agents.user_agent_picker] WARNING: [UnsupportedDeviceType] Family: Other, Brand: None, Model: None
2025-01-24 14:01:33 [scrapy_user_agents.user_agent_picker] WARNING: [UnsupportedDeviceType] Family: Other, Brand: None, Model: None
2025-01-24 14:01:33 [scrapy_user_agents.user_agent_picker] WARNING: [UnsupportedDeviceType] Family: Sony BDV13, Brand: Sony, Model: BDV13
2025-01-24 14:01:33 [scrapy_user_agents.user_agent_picker] WARNING: [UnsupportedDeviceType] Family: Nintendo DSi, Brand: Nintendo, Model: DSi
2025-01-24 14:01:33 [scrapy_user_agents.user_agent_picker] WARNING: [UnsupportedDeviceType] Family: Other, Brand: None, Model: None
2025-01-24 14:01:33 [scrapy_user_agents.user_agent_picker] WARNING: [UnsupportedBrowserType] Family: Other
2025-01-24 14:01:33 [scrapy_user_agents.user_agent_picker] WARNING: [UnsupportedDeviceType] Family: LYF F90M, Brand: LYF, Model: F90M
2025-01-24 14:01:33 [scrapy_user_agents.user_agent_picker] WARNING: [UnsupportedDeviceType] Family: Sony BDV14, Brand: Sony, Model: BDV14
2025-01-24 14:01:33 [scrapy_user_agents.user_agent_picker] WARNING: [UnsupportedDeviceType] Family: LG Web0S SmartTV, Brand: LG, Model: Web0S SmartTV
2025-01-24 14:01:33 [scrapy_user_agents.user_agent_picker] WARNING: [UnsupportedDeviceType] Family: Other, Brand: None, Model: None
2025-01-24 14:01:33 [scrapy_user_agents.user_agent_picker] WARNING: [UnsupportedDeviceType] Family: Other, Brand: None, Model: None
2025-01-24 14:01:33 [scrapy_user_agents.user_agent_picker] WARNING: [UnsupportedDeviceType] Family: Other, Brand: None, Model: None
2025-01-24 14:01:33 [scrapy_user_agents.user_agent_picker] WARNING: [UnsupportedDeviceType] Family: Other, Brand: None, Model: None
2025-01-24 14:01:34 [scrapy_user_agents.user_agent_picker] WARNING: [UnsupportedDeviceType] Family: Other, Brand: None, Model: None
2025-01-24 14:01:34 [scrapy_user_agents.user_agent_picker] WARNING: [UnsupportedDeviceType] Family: Other, Brand: None, Model: None
2025-01-24 14:01:34 [scrapy_user_agents.user_agent_picker] WARNING: [UnsupportedDeviceType] Family: Other, Brand: None, Model: None
2025-01-24 14:01:34 [scrapy_user_agents.user_agent_picker] WARNING: [UnsupportedDeviceType] Family: Sony BDV11, Brand: Sony, Model: BDV11
2025-01-24 14:01:34 [scrapy_user_agents.user_agent_picker] WARNING: [UnsupportedDeviceType] Family: Other, Brand: None, Model: None
2025-01-24 14:01:34 [scrapy_user_agents.user_agent_picker] WARNING: [UnsupportedDeviceType] Family: Other, Brand: None, Model: None
2025-01-24 14:01:34 [scrapy_user_agents.user_agent_picker] WARNING: [UnsupportedDeviceType] Family: Other, Brand: None, Model: None
2025-01-24 14:01:34 [scrapy_user_agents.user_agent_picker] WARNING: [UnsupportedDeviceType] Family: Other, Brand: None, Model: None
2025-01-24 14:01:34 [scrapy_user_agents.user_agent_picker] WARNING: [UnsupportedDeviceType] Family: Nintendo DSi, Brand: Nintendo, Model: DSi
2025-01-24 14:01:34 [scrapy_user_agents.user_agent_picker] WARNING: [UnsupportedDeviceType] Family: LYF LF-2403N, Brand: LYF, Model: LF-2403N
2025-01-24 14:01:34 [scrapy_user_agents.user_agent_picker] WARNING: [UnsupportedDeviceType] Family: LYF F90M, Brand: LYF, Model: F90M
2025-01-24 14:01:34 [scrapy_user_agents.user_agent_picker] WARNING: [UnsupportedDeviceType] Family: Other, Brand: None, Model: None
2025-01-24 14:01:34 [scrapy_user_agents.user_agent_picker] WARNING: [UnsupportedDeviceType] Family: Other, Brand: None, Model: None
2025-01-24 14:01:34 [scrapy_user_agents.user_agent_picker] WARNING: [UnsupportedBrowserType] Family: Applebot
2025-01-24 14:01:34 [scrapy_user_agents.user_agent_picker] WARNING: [UnsupportedDeviceType] Family: Other, Brand: None, Model: None
2025-01-24 14:01:34 [scrapy_user_agents.user_agent_picker] WARNING: [UnsupportedBrowserType] Family: Applebot
2025-01-24 14:01:34 [scrapy_user_agents.user_agent_picker] WARNING: [UnsupportedBrowserType] Family: Other
2025-01-24 14:01:34 [scrapy_user_agents.user_agent_picker] WARNING: [UnsupportedBrowserType] Family: Other
2025-01-24 14:01:34 [scrapy_user_agents.user_agent_picker] WARNING: [UnsupportedBrowserType] Family: PhantomJS
2025-01-24 14:01:34 [scrapy_user_agents.user_agent_picker] WARNING: [UnsupportedBrowserType] Family: SMTBot
2025-01-24 14:01:34 [scrapy_user_agents.user_agent_picker] WARNING: [UnsupportedBrowserType] Family: PhantomJS
2025-01-24 14:01:34 [scrapy_user_agents.user_agent_picker] WARNING: [UnsupportedBrowserType] Family: PhantomJS
2025-01-24 14:01:34 [scrapy_user_agents.user_agent_picker] WARNING: [UnsupportedBrowserType] Family: WebKit Nightly
2025-01-24 14:01:34 [scrapy_user_agents.user_agent_picker] WARNING: [UnsupportedBrowserType] Family: PhantomJS
2025-01-24 14:01:34 [scrapy_user_agents.user_agent_picker] WARNING: [UnsupportedDeviceType] Family: Other, Brand: None, Model: None
2025-01-24 14:01:35 [scrapy_user_agents.user_agent_picker] WARNING: [UnsupportedBrowserType] Family: PhantomJS
2025-01-24 14:01:35 [scrapy_user_agents.user_agent_picker] WARNING: [UnsupportedBrowserType] Family: PhantomJS
2025-01-24 14:01:35 [scrapy_user_agents.user_agent_picker] WARNING: [UnsupportedBrowserType] Family: Robot
2025-01-24 14:01:35 [scrapy_user_agents.user_agent_picker] WARNING: [UnsupportedDeviceType] Family: Other, Brand: None, Model: None
2025-01-24 14:01:35 [scrapy_user_agents.user_agent_picker] WARNING: [UnsupportedBrowserType] Family: Zune
2025-01-24 14:01:35 [scrapy.middleware] INFO: Enabled downloader middlewares:
['scrapy.downloadermiddlewares.offsite.OffsiteMiddleware',
 'scrapy.downloadermiddlewares.robotstxt.RobotsTxtMiddleware',
 'scrapy.downloadermiddlewares.httpauth.HttpAuthMiddleware',
 'scrapy.downloadermiddlewares.downloadtimeout.DownloadTimeoutMiddleware',
 'olx.middlewares.FastRotateProxyMiddleware',
 'scrapy.downloadermiddlewares.defaultheaders.DefaultHeadersMiddleware',
 'scrapy_user_agents.middlewares.RandomUserAgentMiddleware',
 'scrapy.downloadermiddlewares.useragent.UserAgentMiddleware',
 'scrapy.downloadermiddlewares.retry.RetryMiddleware',
 'scrapy.downloadermiddlewares.redirect.MetaRefreshMiddleware',
 'scrapy.downloadermiddlewares.httpcompression.HttpCompressionMiddleware',
 'scrapy.downloadermiddlewares.redirect.RedirectMiddleware',
 'scrapy.downloadermiddlewares.cookies.CookiesMiddleware',
 'scrapy.downloadermiddlewares.httpproxy.HttpProxyMiddleware',
 'scrapy.downloadermiddlewares.stats.DownloaderStats']
2025-01-24 14:01:35 [scrapy.middleware] INFO: Enabled spider middlewares:
['scrapy.spidermiddlewares.httperror.HttpErrorMiddleware',
 'scrapy.spidermiddlewares.referer.RefererMiddleware',
 'scrapy.spidermiddlewares.urllength.UrlLengthMiddleware',
 'scrapy.spidermiddlewares.depth.DepthMiddleware']
2025-01-24 14:01:35 [scrapy.middleware] INFO: Enabled item pipelines:
[]
2025-01-24 14:01:35 [scrapy.core.engine] INFO: Spider opened
2025-01-24 14:01:35 [scrapy.extensions.logstats] INFO: Crawled 0 pages (at 0 pages/min), scraped 0 items (at 0 items/min)
2025-01-24 14:01:35 [scrapy.utils.signal] ERROR: Error caught on signal handler: <bound method FastRotateProxyMiddleware.spider_opened of <olx.middlewares.FastRotateProxyMiddleware object at 0x10794e660>>
Traceback (most recent call last):
  File "/Users/pavlo/projects_test/parse-xlo-test/.venv/lib/python3.12/site-packages/aiohttp/connector.py", line 1122, in _wrap_create_connection
    return await self._loop.create_connection(*args, **kwargs, sock=sock)
           ^^^^^^^^^^^^^^^^^^^^^^^^^^^^^^^^^^^^^^^^^^^^^^^^^^^^^^^^^^^^^^
  File "/Library/Frameworks/Python.framework/Versions/3.12/lib/python3.12/asyncio/base_events.py", line 1126, in create_connection
    transport, protocol = await self._create_connection_transport(
                          ^^^^^^^^^^^^^^^^^^^^^^^^^^^^^^^^^^^^^^^^
  File "/Library/Frameworks/Python.framework/Versions/3.12/lib/python3.12/asyncio/base_events.py", line 1159, in _create_connection_transport
    await waiter
  File "/Library/Frameworks/Python.framework/Versions/3.12/lib/python3.12/asyncio/sslproto.py", line 575, in _on_handshake_complete
    raise handshake_exc
  File "/Library/Frameworks/Python.framework/Versions/3.12/lib/python3.12/asyncio/sslproto.py", line 557, in _do_handshake
    self._sslobj.do_handshake()
  File "/Library/Frameworks/Python.framework/Versions/3.12/lib/python3.12/ssl.py", line 917, in do_handshake
    self._sslobj.do_handshake()
ssl.SSLCertVerificationError: [SSL: CERTIFICATE_VERIFY_FAILED] certificate verify failed: unable to get local issuer certificate (_ssl.c:1000)

The above exception was the direct cause of the following exception:

Traceback (most recent call last):
  File "/Users/pavlo/projects_test/parse-xlo-test/.venv/lib/python3.12/site-packages/scrapy/utils/defer.py", line 400, in maybeDeferred_coro
    result = f(*args, **kw)
             ^^^^^^^^^^^^^^
  File "/Users/pavlo/projects_test/parse-xlo-test/.venv/lib/python3.12/site-packages/pydispatch/robustapply.py", line 55, in robustApply
    return receiver(*arguments, **named)
           ^^^^^^^^^^^^^^^^^^^^^^^^^^^^^
  File "/Users/pavlo/projects_test/parse-xlo-test/olx/middlewares.py", line 189, in spider_opened
    asyncio.get_event_loop().run_until_complete(self.initialize_proxies())
  File "/Library/Frameworks/Python.framework/Versions/3.12/lib/python3.12/asyncio/base_events.py", line 664, in run_until_complete
    return future.result()
           ^^^^^^^^^^^^^^^
  File "/Users/pavlo/projects_test/parse-xlo-test/olx/middlewares.py", line 182, in initialize_proxies
    await self.fetch_proxies()
  File "/Users/pavlo/projects_test/parse-xlo-test/olx/middlewares.py", line 149, in fetch_proxies
    async with session.get(self.proxy_url) as response:
  File "/Users/pavlo/projects_test/parse-xlo-test/.venv/lib/python3.12/site-packages/aiohttp/client.py", line 1425, in __aenter__
    self._resp: _RetType = await self._coro
                           ^^^^^^^^^^^^^^^^
  File "/Users/pavlo/projects_test/parse-xlo-test/.venv/lib/python3.12/site-packages/aiohttp/client.py", line 703, in _request
    conn = await self._connector.connect(
           ^^^^^^^^^^^^^^^^^^^^^^^^^^^^^^
  File "/Users/pavlo/projects_test/parse-xlo-test/.venv/lib/python3.12/site-packages/aiohttp/connector.py", line 548, in connect
    proto = await self._create_connection(req, traces, timeout)
            ^^^^^^^^^^^^^^^^^^^^^^^^^^^^^^^^^^^^^^^^^^^^^^^^^^^
  File "/Users/pavlo/projects_test/parse-xlo-test/.venv/lib/python3.12/site-packages/aiohttp/connector.py", line 1056, in _create_connection
    _, proto = await self._create_direct_connection(req, traces, timeout)
               ^^^^^^^^^^^^^^^^^^^^^^^^^^^^^^^^^^^^^^^^^^^^^^^^^^^^^^^^^^
  File "/Users/pavlo/projects_test/parse-xlo-test/.venv/lib/python3.12/site-packages/aiohttp/connector.py", line 1400, in _create_direct_connection
    raise last_exc
  File "/Users/pavlo/projects_test/parse-xlo-test/.venv/lib/python3.12/site-packages/aiohttp/connector.py", line 1369, in _create_direct_connection
    transp, proto = await self._wrap_create_connection(
                    ^^^^^^^^^^^^^^^^^^^^^^^^^^^^^^^^^^^
  File "/Users/pavlo/projects_test/parse-xlo-test/.venv/lib/python3.12/site-packages/aiohttp/connector.py", line 1124, in _wrap_create_connection
    raise ClientConnectorCertificateError(req.connection_key, exc) from exc
aiohttp.client_exceptions.ClientConnectorCertificateError: Cannot connect to host api.proxyscrape.com:443 ssl:True [SSLCertVerificationError: (1, '[SSL: CERTIFICATE_VERIFY_FAILED] certificate verify failed: unable to get local issuer certificate (_ssl.c:1000)')]
2025-01-24 14:01:35 [scrapy.extensions.telnet] INFO: Telnet console listening on 127.0.0.1:6024
2025-01-24 14:01:53 [scrapy.core.engine] INFO: Closing spider (finished)
2025-01-24 14:01:53 [scrapy.utils.signal] ERROR: Error caught on signal handler: <bound method ProductsSpider.close of <ProductsSpider 'products' at 0x1076bd970>>
Traceback (most recent call last):
  File "/Users/pavlo/projects_test/parse-xlo-test/.venv/lib/python3.12/site-packages/scrapy/utils/defer.py", line 400, in maybeDeferred_coro
    result = f(*args, **kw)
             ^^^^^^^^^^^^^^
  File "/Users/pavlo/projects_test/parse-xlo-test/.venv/lib/python3.12/site-packages/pydispatch/robustapply.py", line 55, in robustApply
    return receiver(*arguments, **named)
           ^^^^^^^^^^^^^^^^^^^^^^^^^^^^^
  File "/Users/pavlo/projects_test/parse-xlo-test/olx/spiders/products.py", line 28, in close
    return self.close(reason)
           ^^^^^^^^^^^^^^^^^^
  File "/Users/pavlo/projects_test/parse-xlo-test/olx/spiders/products.py", line 27, in close
    self.driver.close()
  File "/Users/pavlo/projects_test/parse-xlo-test/.venv/lib/python3.12/site-packages/selenium/webdriver/remote/webdriver.py", line 579, in close
    self.execute(Command.CLOSE)
  File "/Users/pavlo/projects_test/parse-xlo-test/.venv/lib/python3.12/site-packages/selenium/webdriver/remote/webdriver.py", line 429, in execute
    self.error_handler.check_response(response)
  File "/Users/pavlo/projects_test/parse-xlo-test/.venv/lib/python3.12/site-packages/selenium/webdriver/remote/errorhandler.py", line 232, in check_response
    raise exception_class(message, screen, stacktrace)
selenium.common.exceptions.InvalidSessionIdException: Message: invalid session id
Stacktrace:
0   chromedriver                        0x0000000109f4cab8 chromedriver + 7092920
1   chromedriver                        0x0000000109f4439a chromedriver + 7058330
2   chromedriver                        0x00000001098eabbd chromedriver + 400317
3   chromedriver                        0x000000010992c2e7 chromedriver + 668391
4   chromedriver                        0x000000010992d59e chromedriver + 673182
5   chromedriver                        0x0000000109f11350 chromedriver + 6849360
6   chromedriver                        0x0000000109f15280 chromedriver + 6865536
7   chromedriver                        0x0000000109ef3737 chromedriver + 6727479
8   chromedriver                        0x0000000109f15d0e chromedriver + 6868238
9   chromedriver                        0x0000000109ee3084 chromedriver + 6660228
10  chromedriver                        0x0000000109f32a18 chromedriver + 6986264
11  chromedriver                        0x0000000109f32bd6 chromedriver + 6986710
12  chromedriver                        0x0000000109f43f78 chromedriver + 7057272
13  libsystem_pthread.dylib             0x00007ff8026c3253 _pthread_start + 99
14  libsystem_pthread.dylib             0x00007ff8026bebef thread_start + 15

2025-01-24 14:01:53 [scrapy.extensions.feedexport] INFO: Stored csv feed (3 items) in: products.csv
2025-01-24 14:01:53 [scrapy.statscollectors] INFO: Dumping Scrapy stats:
{'downloader/request_bytes': 721,
 'downloader/request_count': 3,
 'downloader/request_method_count/GET': 3,
 'downloader/response_bytes': 449297,
 'downloader/response_count': 3,
 'downloader/response_status_count/200': 2,
 'downloader/response_status_count/302': 1,
 'elapsed_time_seconds': 18.774114,
 'feedexport/success_count/FileFeedStorage': 1,
 'finish_reason': 'finished',
 'finish_time': datetime.datetime(2025, 1, 24, 13, 1, 53, 989264, tzinfo=datetime.timezone.utc),
 'httpcompression/response_bytes': 3215419,
 'httpcompression/response_count': 1,
 'item_scraped_count': 3,
 'items_per_minute': None,
 'log_count/ERROR': 2,
 'log_count/INFO': 11,
 'log_count/WARNING': 45,
 'memusage/max': 69636096,
 'memusage/startup': 69636096,
 'response_received_count': 2,
 'responses_per_minute': None,
 'robotstxt/request_count': 1,
 'robotstxt/response_count': 1,
 'robotstxt/response_status_count/200': 1,
 'scheduler/dequeued': 2,
 'scheduler/dequeued/memory': 2,
 'scheduler/enqueued': 2,
 'scheduler/enqueued/memory': 2,
 'start_time': datetime.datetime(2025, 1, 24, 13, 1, 35, 215150, tzinfo=datetime.timezone.utc)}
2025-01-24 14:01:53 [scrapy.core.engine] INFO: Spider closed (finished)
